
Batch Process Started..
Starter Templates - Importing Images for Blog name 'madrassakids.com' (1)
---- Processing Images from Widgets -----
---- Processing Contact Form Mapping from Text Widgets -----
---- Processing batch process for Customizer start ----
---- Processing batch process for Customizer done ----
Deleted - Post ID 118 - attachment - hero-img
Deleted - Post ID 137 - attachment - portfolio
Deleted - Post ID 162 - attachment - passionate
Deleted - Post ID 202 - attachment - logo
Deleted - Post ID 230 - attachment - branding-1
Deleted - Post ID 235 - attachment - avatar
Deleted - Post ID 311 - nav_menu_item - Local Business
Deleted - Post ID 312 - nav_menu_item - eCommerce
Deleted - Post ID 313 - nav_menu_item - Blog
Deleted - Post ID 314 - nav_menu_item - Professional Services
Deleted - Post ID 418 - nav_menu_item - Home
Deleted - Post ID 547 - attachment - building
Deleted - Post ID 548 - attachment - shopping-bag
Deleted - Post ID 549 - attachment - blog
Deleted - Post ID 550 - attachment - professional
Deleted - Post ID 551 - attachment - support
Deleted - Post ID 552 - attachment - web-1
Deleted - Post ID 553 - attachment - graphic-1
Deleted - Post ID 554 - attachment - about-us
Deleted - Post ID 566 - attachment - Screenshot_480
Deleted - Post ID 567 - page - Home
Deleted - Post ID 24 - nav_menu_item - About
Deleted - Post ID 26 - nav_menu_item - Contact
Deleted - Post ID 330 -  - 
Deleted - Post ID 369 - nav_menu_item - Services
Deleted - Post ID 370 - nav_menu_item - Reviews
Deleted - Post ID 419 - nav_menu_item - About
Deleted - Post ID 420 - nav_menu_item - Services
Deleted - Post ID 421 - nav_menu_item - Reviews
Deleted - Post ID 499 - nav_menu_item - FAQs
Deleted - Post ID 500 - nav_menu_item - Why Us
Deleted - Post ID 539 - wp_global_styles - Custom Styles
Deleted - Term 2 - Footer Menu nav_menu
Deleted - Term 3 - Primary nav_menu
Deleted - Term 4 - Services nav_menu
Batch Process Started..
Starter Templates - Importing Images for Blog name 'madrassakids.com' (1)
---- Processing Images from Widgets -----
---- Processing Contact Form Mapping from Text Widgets -----
---- Processing batch process for Customizer start ----
---- Processing batch process for Customizer done ----
Deleted - Post ID 118 - attachment - hero-img
Deleted - Post ID 137 - attachment - portfolio
Deleted - Post ID 162 - attachment - passionate
Deleted - Post ID 202 - attachment - logo
Deleted - Post ID 230 - attachment - branding-1
Deleted - Post ID 235 - attachment - avatar
Deleted - Post ID 311 - nav_menu_item - Local Business
Deleted - Post ID 312 - nav_menu_item - eCommerce
Deleted - Post ID 313 - nav_menu_item - Blog
Deleted - Post ID 314 - nav_menu_item - Professional Services
Deleted - Post ID 418 - nav_menu_item - Home
Deleted - Post ID 547 - attachment - building
Deleted - Post ID 548 - attachment - shopping-bag
Deleted - Post ID 549 - attachment - blog
Deleted - Post ID 550 - attachment - professional
Deleted - Post ID 551 - attachment - support
Deleted - Post ID 552 - attachment - web-1
Deleted - Post ID 553 - attachment - graphic-1
Deleted - Post ID 554 - attachment - about-us
Deleted - Post ID 566 - attachment - Screenshot_480
Deleted - Post ID 571 - page - Home
Deleted - Post ID 24 - nav_menu_item - About
Deleted - Post ID 26 - nav_menu_item - Contact
Deleted - Post ID 330 -  - 
Deleted - Post ID 369 - nav_menu_item - Services
Deleted - Post ID 370 - nav_menu_item - Reviews
Deleted - Post ID 419 - nav_menu_item - About
Deleted - Post ID 420 - nav_menu_item - Services
Deleted - Post ID 421 - nav_menu_item - Reviews
Deleted - Post ID 499 - nav_menu_item - FAQs
Deleted - Post ID 500 - nav_menu_item - Why Us
Deleted - Post ID 539 - wp_global_styles - Custom Styles
Deleted - Term 5 - Footer Menu nav_menu
Deleted - Term 6 - Primary nav_menu
Deleted - Term 7 - Services nav_menu
Batch Process Started..
Starter Templates - Importing Images for Blog name 'madrassakids.com' (1)
---- Processing Images from Widgets -----
---- Processing Contact Form Mapping from Text Widgets -----
---- Processing batch process for Customizer start ----
---- Processing batch process for Customizer done ----